App Seeds en http://localhost:3100
Connected to Database
POST
POST
GET metas by iam/org: rConjt/DEMO01
POST
GET metas by iam/org: rConjt/DEMO01
POST
GET metas by iam/org: rConjt/DEMO01
GET metas by iam/org: rConjt/DEMO01
GET metas by iam/org: rConjt/DEMO01
GET metas by iam/org: rConjt/DEMO01
GET metas by iam/org: rConjt/DEMO01
GET metas by iam/org: rConjt/DEMO01
GET metas by iam/org: rConjt/DEMO01
GET metas by iam/org: rConjt/DEMO01
GET metas by iam/org: rConjt/DEMO01
POST
GET metas by iam/org: rConjt/DEMO01
GET metas by iam/org: rConjt/DEMO01
GET metas by iam/org: rConjt/DEMO01
POST
GET metas by iam/org: rConjt/DEMO01
GET metas by iam/org: rConjt/DEMO01
GET metas by iam/org: rConjt/DEMO01
GET metas by iam/org: rConjt/DEMO01
GET metas by iam/org: rConjt/DEMO01
GET metas by iam/org: rConjt/DEMO01
GET by _id :624eaa8c9168341fd5116000
GET metas by iam/org: rConjt/DEMO01
GET by _id :624eaa8c9168341fd5116000
GET metas by iam/org: rConjt/DEMO01
GET by _id :624eb06d9168341fd511600b
GET metas by iam/org: rConjt/DEMO01
GET by _id :624eb06d9168341fd511600b
GET metas by iam/org: rConjt/DEMO01
GET by _id :624eb06d9168341fd511600b
GET metas by iam/org: rConjt/DEMO01
GET by _id :624eb06d9168341fd511600b
GET metas by iam/org: rConjt/DEMO01
GET by _id :624eaa8c9168341fd5116000
GET by _id :624eb1f19168341fd5116010
GET by _id :624ea7e69168341fd5115ffd
